<?xml version="1.0" encoding="UTF-8"?>
<!-- Generated by org.testng.reporters.JUnitReportReporter -->
<testsuite hostname="User" failures="0" tests="2" name="testNGbasics.Annotations" time="0.113" errors="0" timestamp="2023-07-07T20:58:43 EDT" skipped="0">
  <testcase classname="testNGbasics.Annotations" name="test2" time="0.052"/>
  <testcase classname="testNGbasics.Annotations" name="test1" time="0.061"/>
</testsuite> <!-- testNGbasics.Annotations -->
