<?xml version="1.0" encoding="UTF-8"?>
<!-- Generated by org.testng.reporters.JUnitReportReporter -->
<testsuite hostname="User" failures="0" tests="9" name="testNGbasics.UnderstandingAnnotationsDataDriven" time="134.171" errors="0" timestamp="2023-07-07T21:32:53 EDT" skipped="2">
  <testcase classname="testNGbasics.UnderstandingAnnotationsDataDriven" name="negativeSearchFunctionalityDataDrivenTestFromDifferntPkg" time="16.897"/>
  <testcase classname="testNGbasics.UnderstandingAnnotationsDataDriven" name="positiveSearchFunctionalityDataDrivenTest" time="15.256"/>
  <testcase classname="testNGbasics.UnderstandingAnnotationsDataDriven" name="positiveSearchFunctionalityDataDrivenTest" time="16.071"/>
  <testcase classname="testNGbasics.UnderstandingAnnotationsDataDriven" name="negativeSearchFunctionalityDataDrivenTestFromDifferntPkg" time="18.100"/>
  <testcase classname="testNGbasics.UnderstandingAnnotationsDataDriven" name="negativeSearchFunctionalityDataDrivenTest" time="20.375"/>
  <testcase classname="testNGbasics.UnderstandingAnnotationsDataDriven" name="negativeSearchFunctionalityDataDrivenTest" time="30.653"/>
  <testcase classname="testNGbasics.UnderstandingAnnotationsDataDriven" name="positiveSearchFunctionalityDataDrivenTest" time="16.819"/>
  <testcase classname="testNGbasics.UnderstandingAnnotationsDataDriven" name="positiveSearchFunctionalityTest">
    <skipped/>
  </testcase> <!-- positiveSearchFunctionalityTest -->
  <testcase classname="testNGbasics.UnderstandingAnnotationsDataDriven" name="negativeSearchFunctionalityTest">
    <skipped/>
  </testcase> <!-- negativeSearchFunctionalityTest -->
</testsuite> <!-- testNGbasics.UnderstandingAnnotationsDataDriven -->
